INFO:root:Train Epoch: 0 [0/60000 (0%)]	Loss: 2.301071
INFO:root:Train Epoch: 0 [32000/60000 (53%)]	Loss: 1.256338
INFO:root:
Validation set: Average loss: 0.1961, Accuracy: 9435/10000 (94%)

INFO:root:Found a new best model. Saving...
INFO:root:Model is saved.

INFO:root:Train Epoch: 1 [0/60000 (0%)]	Loss: 0.692997
INFO:root:Train Epoch: 1 [32000/60000 (53%)]	Loss: 0.290913
INFO:root:
Validation set: Average loss: 0.1235, Accuracy: 9647/10000 (96%)

INFO:root:Found a new best model. Saving...
INFO:root:Model is saved.

INFO:root:Train Epoch: 2 [0/60000 (0%)]	Loss: 0.340100
INFO:root:Train Epoch: 2 [32000/60000 (53%)]	Loss: 0.184528
INFO:root:
Validation set: Average loss: 0.0778, Accuracy: 9778/10000 (98%)

INFO:root:Found a new best model. Saving...
INFO:root:Model is saved.

INFO:root:Train Epoch: 3 [0/60000 (0%)]	Loss: 0.390890
INFO:root:Train Epoch: 3 [32000/60000 (53%)]	Loss: 0.262196
INFO:root:
Validation set: Average loss: 0.0717, Accuracy: 9773/10000 (98%)

INFO:root:Found a new best model. Saving...
INFO:root:Model is saved.

INFO:root:Train Epoch: 4 [0/60000 (0%)]	Loss: 0.100437
INFO:root:Train Epoch: 4 [32000/60000 (53%)]	Loss: 0.265940
INFO:root:
Validation set: Average loss: 0.0663, Accuracy: 9802/10000 (98%)

INFO:root:Found a new best model. Saving...
INFO:root:Model is saved.

INFO:root:Train Epoch: 5 [0/60000 (0%)]	Loss: 0.087182
INFO:root:Train Epoch: 5 [32000/60000 (53%)]	Loss: 0.183081
INFO:root:
Validation set: Average loss: 0.0533, Accuracy: 9829/10000 (98%)

INFO:root:Found a new best model. Saving...
INFO:root:Model is saved.

INFO:root:Train Epoch: 6 [0/60000 (0%)]	Loss: 0.202118
INFO:root:Train Epoch: 6 [32000/60000 (53%)]	Loss: 0.050248
INFO:root:
Validation set: Average loss: 0.0644, Accuracy: 9803/10000 (98%)

INFO:root:Train Epoch: 7 [0/60000 (0%)]	Loss: 0.199317
INFO:root:Train Epoch: 7 [32000/60000 (53%)]	Loss: 0.066766
INFO:root:
Validation set: Average loss: 0.0499, Accuracy: 9845/10000 (98%)

INFO:root:Found a new best model. Saving...
INFO:root:Model is saved.

INFO:root:Train Epoch: 8 [0/60000 (0%)]	Loss: 0.070732
INFO:root:Train Epoch: 8 [32000/60000 (53%)]	Loss: 0.083339
INFO:root:
Validation set: Average loss: 0.0468, Accuracy: 9855/10000 (99%)

INFO:root:Found a new best model. Saving...
INFO:root:Model is saved.

INFO:root:Train Epoch: 9 [0/60000 (0%)]	Loss: 0.069936
INFO:root:Train Epoch: 9 [32000/60000 (53%)]	Loss: 0.164728
INFO:root:
Validation set: Average loss: 0.0534, Accuracy: 9829/10000 (98%)

INFO:root:Train Epoch: 10 [0/60000 (0%)]	Loss: 0.084466
INFO:root:Train Epoch: 10 [32000/60000 (53%)]	Loss: 0.128092
INFO:root:
Validation set: Average loss: 0.0448, Accuracy: 9857/10000 (99%)

INFO:root:Found a new best model. Saving...
INFO:root:Model is saved.

INFO:root:Train Epoch: 11 [0/60000 (0%)]	Loss: 0.109119
INFO:root:Train Epoch: 11 [32000/60000 (53%)]	Loss: 0.121846
INFO:root:
Validation set: Average loss: 0.0418, Accuracy: 9869/10000 (99%)

INFO:root:Found a new best model. Saving...
INFO:root:Model is saved.

INFO:root:Train Epoch: 12 [0/60000 (0%)]	Loss: 0.091388
INFO:root:Train Epoch: 12 [32000/60000 (53%)]	Loss: 0.088926
INFO:root:
Validation set: Average loss: 0.0406, Accuracy: 9874/10000 (99%)

INFO:root:Found a new best model. Saving...
INFO:root:Model is saved.

INFO:root:Train Epoch: 13 [0/60000 (0%)]	Loss: 0.040880
INFO:root:Train Epoch: 13 [32000/60000 (53%)]	Loss: 0.059390
INFO:root:
Validation set: Average loss: 0.0494, Accuracy: 9844/10000 (98%)

INFO:root:Train Epoch: 14 [0/60000 (0%)]	Loss: 0.078569
INFO:root:Train Epoch: 14 [32000/60000 (53%)]	Loss: 0.077318
INFO:root:
Validation set: Average loss: 0.0427, Accuracy: 9867/10000 (99%)

INFO:root:Train Epoch: 15 [0/60000 (0%)]	Loss: 0.071809
INFO:root:Train Epoch: 15 [32000/60000 (53%)]	Loss: 0.115358
INFO:root:
Validation set: Average loss: 0.0417, Accuracy: 9878/10000 (99%)

INFO:root:Train Epoch: 16 [0/60000 (0%)]	Loss: 0.091957
INFO:root:Train Epoch: 16 [32000/60000 (53%)]	Loss: 0.257608
INFO:root:
Validation set: Average loss: 0.0521, Accuracy: 9840/10000 (98%)

INFO:root:Train Epoch: 17 [0/60000 (0%)]	Loss: 0.042955
INFO:root:Train Epoch: 17 [32000/60000 (53%)]	Loss: 0.128473
INFO:root:
Validation set: Average loss: 0.0383, Accuracy: 9876/10000 (99%)

INFO:root:Found a new best model. Saving...
INFO:root:Model is saved.

INFO:root:Train Epoch: 18 [0/60000 (0%)]	Loss: 0.085941
INFO:root:Train Epoch: 18 [32000/60000 (53%)]	Loss: 0.304881
INFO:root:
Validation set: Average loss: 0.0365, Accuracy: 9889/10000 (99%)

INFO:root:Found a new best model. Saving...
INFO:root:Model is saved.

INFO:root:Train Epoch: 19 [0/60000 (0%)]	Loss: 0.099575
INFO:root:Train Epoch: 19 [32000/60000 (53%)]	Loss: 0.057212
INFO:root:
Validation set: Average loss: 0.0413, Accuracy: 9865/10000 (99%)

INFO:root:Train Epoch: 20 [0/60000 (0%)]	Loss: 0.096526
INFO:root:Train Epoch: 20 [32000/60000 (53%)]	Loss: 0.088277
INFO:root:
Validation set: Average loss: 0.0380, Accuracy: 9876/10000 (99%)

INFO:root:Train Epoch: 21 [0/60000 (0%)]	Loss: 0.095081
INFO:root:Train Epoch: 21 [32000/60000 (53%)]	Loss: 0.027989
INFO:root:
Validation set: Average loss: 0.0344, Accuracy: 9897/10000 (99%)

INFO:root:Found a new best model. Saving...
INFO:root:Model is saved.

INFO:root:Train Epoch: 22 [0/60000 (0%)]	Loss: 0.182382
INFO:root:Train Epoch: 22 [32000/60000 (53%)]	Loss: 0.055344
INFO:root:
Validation set: Average loss: 0.0627, Accuracy: 9815/10000 (98%)

INFO:root:Train Epoch: 23 [0/60000 (0%)]	Loss: 0.156185
INFO:root:Train Epoch: 23 [32000/60000 (53%)]	Loss: 0.024065
INFO:root:
Validation set: Average loss: 0.0381, Accuracy: 9887/10000 (99%)

INFO:root:Train Epoch: 24 [0/60000 (0%)]	Loss: 0.064680
INFO:root:Train Epoch: 24 [32000/60000 (53%)]	Loss: 0.033754
INFO:root:
Validation set: Average loss: 0.0365, Accuracy: 9893/10000 (99%)

INFO:root:Train Epoch: 25 [0/60000 (0%)]	Loss: 0.049665
INFO:root:Train Epoch: 25 [32000/60000 (53%)]	Loss: 0.082965
INFO:root:
Validation set: Average loss: 0.0361, Accuracy: 9890/10000 (99%)

INFO:root:Train Epoch: 26 [0/60000 (0%)]	Loss: 0.036652
INFO:root:Train Epoch: 26 [32000/60000 (53%)]	Loss: 0.020102
INFO:root:
Validation set: Average loss: 0.0437, Accuracy: 9873/10000 (99%)

INFO:root:Train Epoch: 27 [0/60000 (0%)]	Loss: 0.055465
INFO:root:Train Epoch: 27 [32000/60000 (53%)]	Loss: 0.091574
INFO:root:
Validation set: Average loss: 0.0299, Accuracy: 9907/10000 (99%)

INFO:root:Found a new best model. Saving...
INFO:root:Model is saved.

INFO:root:Train Epoch: 28 [0/60000 (0%)]	Loss: 0.018862
INFO:root:Train Epoch: 28 [32000/60000 (53%)]	Loss: 0.095368
INFO:root:
Validation set: Average loss: 0.0329, Accuracy: 9902/10000 (99%)

INFO:root:Train Epoch: 29 [0/60000 (0%)]	Loss: 0.057118
INFO:root:Train Epoch: 29 [32000/60000 (53%)]	Loss: 0.062097
INFO:root:
Validation set: Average loss: 0.0324, Accuracy: 9896/10000 (99%)

INFO:root:Train Epoch: 30 [0/60000 (0%)]	Loss: 0.080648
INFO:root:Train Epoch: 30 [32000/60000 (53%)]	Loss: 0.036657
INFO:root:
Validation set: Average loss: 0.0438, Accuracy: 9874/10000 (99%)

INFO:root:Train Epoch: 31 [0/60000 (0%)]	Loss: 0.043947
INFO:root:Train Epoch: 31 [32000/60000 (53%)]	Loss: 0.035632
INFO:root:
Validation set: Average loss: 0.0350, Accuracy: 9898/10000 (99%)

INFO:root:Train Epoch: 32 [0/60000 (0%)]	Loss: 0.048869
INFO:root:Train Epoch: 32 [32000/60000 (53%)]	Loss: 0.021624
INFO:root:
Validation set: Average loss: 0.0703, Accuracy: 9795/10000 (98%)

INFO:root:Train Epoch: 33 [0/60000 (0%)]	Loss: 0.351152
INFO:root:Train Epoch: 33 [32000/60000 (53%)]	Loss: 0.038648
INFO:root:
Validation set: Average loss: 0.0306, Accuracy: 9907/10000 (99%)

INFO:root:Train Epoch: 34 [0/60000 (0%)]	Loss: 0.023640
INFO:root:Train Epoch: 34 [32000/60000 (53%)]	Loss: 0.031999
INFO:root:
Validation set: Average loss: 0.0287, Accuracy: 9911/10000 (99%)

INFO:root:Found a new best model. Saving...
INFO:root:Model is saved.

INFO:root:Train Epoch: 35 [0/60000 (0%)]	Loss: 0.032044
INFO:root:Train Epoch: 35 [32000/60000 (53%)]	Loss: 0.014253
INFO:root:
Validation set: Average loss: 0.0401, Accuracy: 9876/10000 (99%)

INFO:root:Train Epoch: 36 [0/60000 (0%)]	Loss: 0.023624
INFO:root:Train Epoch: 36 [32000/60000 (53%)]	Loss: 0.109773
INFO:root:
Validation set: Average loss: 0.0306, Accuracy: 9905/10000 (99%)

INFO:root:Train Epoch: 37 [0/60000 (0%)]	Loss: 0.029876
INFO:root:Train Epoch: 37 [32000/60000 (53%)]	Loss: 0.067003
INFO:root:
Validation set: Average loss: 0.0292, Accuracy: 9916/10000 (99%)

INFO:root:Train Epoch: 38 [0/60000 (0%)]	Loss: 0.062207
INFO:root:Train Epoch: 38 [32000/60000 (53%)]	Loss: 0.020066
INFO:root:
Validation set: Average loss: 0.0306, Accuracy: 9913/10000 (99%)

INFO:root:Train Epoch: 39 [0/60000 (0%)]	Loss: 0.067414
INFO:root:Train Epoch: 39 [32000/60000 (53%)]	Loss: 0.059040
INFO:root:
Validation set: Average loss: 0.0312, Accuracy: 9903/10000 (99%)

INFO:root:Train Epoch: 40 [0/60000 (0%)]	Loss: 0.064666
INFO:root:Train Epoch: 40 [32000/60000 (53%)]	Loss: 0.040821
INFO:root:
Validation set: Average loss: 0.0298, Accuracy: 9908/10000 (99%)

INFO:root:Train Epoch: 41 [0/60000 (0%)]	Loss: 0.048837
INFO:root:Train Epoch: 41 [32000/60000 (53%)]	Loss: 0.135104
INFO:root:
Validation set: Average loss: 0.0389, Accuracy: 9894/10000 (99%)

INFO:root:Train Epoch: 42 [0/60000 (0%)]	Loss: 0.085256
INFO:root:Train Epoch: 42 [32000/60000 (53%)]	Loss: 0.081250
INFO:root:
Validation set: Average loss: 0.0287, Accuracy: 9913/10000 (99%)

INFO:root:Found a new best model. Saving...
INFO:root:Model is saved.

INFO:root:Train Epoch: 43 [0/60000 (0%)]	Loss: 0.115378
INFO:root:Train Epoch: 43 [32000/60000 (53%)]	Loss: 0.064205
INFO:root:
Validation set: Average loss: 0.0292, Accuracy: 9903/10000 (99%)

INFO:root:Train Epoch: 44 [0/60000 (0%)]	Loss: 0.017091
INFO:root:Train Epoch: 44 [32000/60000 (53%)]	Loss: 0.039634
INFO:root:
Validation set: Average loss: 0.0312, Accuracy: 9898/10000 (99%)

INFO:root:Train Epoch: 45 [0/60000 (0%)]	Loss: 0.133537
INFO:root:Train Epoch: 45 [32000/60000 (53%)]	Loss: 0.021783
INFO:root:
Validation set: Average loss: 0.0370, Accuracy: 9886/10000 (99%)

INFO:root:Train Epoch: 46 [0/60000 (0%)]	Loss: 0.121370
INFO:root:Train Epoch: 46 [32000/60000 (53%)]	Loss: 0.003110
INFO:root:
Validation set: Average loss: 0.0328, Accuracy: 9907/10000 (99%)

INFO:root:Train Epoch: 47 [0/60000 (0%)]	Loss: 0.056751
INFO:root:Train Epoch: 47 [32000/60000 (53%)]	Loss: 0.073678
INFO:root:
Validation set: Average loss: 0.0364, Accuracy: 9892/10000 (99%)

INFO:root:Train Epoch: 48 [0/60000 (0%)]	Loss: 0.183092
INFO:root:Train Epoch: 48 [32000/60000 (53%)]	Loss: 0.157205
INFO:root:
Validation set: Average loss: 0.0313, Accuracy: 9901/10000 (99%)

INFO:root:Train Epoch: 49 [0/60000 (0%)]	Loss: 0.049202
INFO:root:Train Epoch: 49 [32000/60000 (53%)]	Loss: 0.029785
INFO:root:
Validation set: Average loss: 0.0391, Accuracy: 9895/10000 (99%)

INFO:root:Train Epoch: 50 [0/60000 (0%)]	Loss: 0.082951
INFO:root:Train Epoch: 50 [32000/60000 (53%)]	Loss: 0.017789
INFO:root:
Validation set: Average loss: 0.0311, Accuracy: 9905/10000 (99%)

INFO:root:Train Epoch: 51 [0/60000 (0%)]	Loss: 0.020184
INFO:root:Train Epoch: 51 [32000/60000 (53%)]	Loss: 0.067468
INFO:root:
Validation set: Average loss: 0.0284, Accuracy: 9916/10000 (99%)

INFO:root:Found a new best model. Saving...
INFO:root:Model is saved.

INFO:root:Train Epoch: 52 [0/60000 (0%)]	Loss: 0.090862
INFO:root:Train Epoch: 52 [32000/60000 (53%)]	Loss: 0.079879
INFO:root:
Validation set: Average loss: 0.0323, Accuracy: 9902/10000 (99%)

INFO:root:Train Epoch: 53 [0/60000 (0%)]	Loss: 0.015489
INFO:root:Train Epoch: 53 [32000/60000 (53%)]	Loss: 0.029931
INFO:root:
Validation set: Average loss: 0.0355, Accuracy: 9899/10000 (99%)

INFO:root:Train Epoch: 54 [0/60000 (0%)]	Loss: 0.022407
INFO:root:Train Epoch: 54 [32000/60000 (53%)]	Loss: 0.019847
INFO:root:
Validation set: Average loss: 0.0340, Accuracy: 9905/10000 (99%)

INFO:root:Train Epoch: 55 [0/60000 (0%)]	Loss: 0.042015
INFO:root:Train Epoch: 55 [32000/60000 (53%)]	Loss: 0.058689
INFO:root:
Validation set: Average loss: 0.0319, Accuracy: 9903/10000 (99%)

INFO:root:Train Epoch: 56 [0/60000 (0%)]	Loss: 0.051297
INFO:root:Train Epoch: 56 [32000/60000 (53%)]	Loss: 0.027733
INFO:root:
Validation set: Average loss: 0.0356, Accuracy: 9892/10000 (99%)

INFO:root:Train Epoch: 57 [0/60000 (0%)]	Loss: 0.056424
INFO:root:Train Epoch: 57 [32000/60000 (53%)]	Loss: 0.039201
INFO:root:
Validation set: Average loss: 0.0308, Accuracy: 9913/10000 (99%)

INFO:root:Train Epoch: 58 [0/60000 (0%)]	Loss: 0.013504
INFO:root:Train Epoch: 58 [32000/60000 (53%)]	Loss: 0.024652
INFO:root:
Validation set: Average loss: 0.0298, Accuracy: 9909/10000 (99%)

INFO:root:Train Epoch: 59 [0/60000 (0%)]	Loss: 0.047794
INFO:root:Train Epoch: 59 [32000/60000 (53%)]	Loss: 0.153714
INFO:root:
Validation set: Average loss: 0.0313, Accuracy: 9901/10000 (99%)

INFO:root:Train Epoch: 60 [0/60000 (0%)]	Loss: 0.008806
INFO:root:Train Epoch: 60 [32000/60000 (53%)]	Loss: 0.116120
INFO:root:
Validation set: Average loss: 0.0305, Accuracy: 9907/10000 (99%)

INFO:root:Train Epoch: 61 [0/60000 (0%)]	Loss: 0.012012
INFO:root:Train Epoch: 61 [32000/60000 (53%)]	Loss: 0.099222
INFO:root:
Validation set: Average loss: 0.0511, Accuracy: 9853/10000 (99%)

INFO:root:Train Epoch: 62 [0/60000 (0%)]	Loss: 0.032913
INFO:root:Train Epoch: 62 [32000/60000 (53%)]	Loss: 0.068736
INFO:root:
Validation set: Average loss: 0.0337, Accuracy: 9896/10000 (99%)

INFO:root:Train Epoch: 63 [0/60000 (0%)]	Loss: 0.003827
INFO:root:Train Epoch: 63 [32000/60000 (53%)]	Loss: 0.012344
INFO:root:
Validation set: Average loss: 0.0305, Accuracy: 9912/10000 (99%)

INFO:root:Train Epoch: 64 [0/60000 (0%)]	Loss: 0.043767
INFO:root:Train Epoch: 64 [32000/60000 (53%)]	Loss: 0.080133
INFO:root:
Validation set: Average loss: 0.0348, Accuracy: 9904/10000 (99%)

INFO:root:Train Epoch: 65 [0/60000 (0%)]	Loss: 0.284511
INFO:root:Train Epoch: 65 [32000/60000 (53%)]	Loss: 0.021534
INFO:root:
Validation set: Average loss: 0.0284, Accuracy: 9929/10000 (99%)

INFO:root:Found a new best model. Saving...
INFO:root:Model is saved.

INFO:root:Train Epoch: 66 [0/60000 (0%)]	Loss: 0.137630
INFO:root:Train Epoch: 66 [32000/60000 (53%)]	Loss: 0.079174
INFO:root:
Validation set: Average loss: 0.0292, Accuracy: 9915/10000 (99%)

INFO:root:Train Epoch: 67 [0/60000 (0%)]	Loss: 0.017365
INFO:root:Train Epoch: 67 [32000/60000 (53%)]	Loss: 0.033649
INFO:root:
Validation set: Average loss: 0.0389, Accuracy: 9892/10000 (99%)

INFO:root:Train Epoch: 68 [0/60000 (0%)]	Loss: 0.066643
INFO:root:Train Epoch: 68 [32000/60000 (53%)]	Loss: 0.022835
INFO:root:
Validation set: Average loss: 0.0325, Accuracy: 9908/10000 (99%)

INFO:root:Train Epoch: 69 [0/60000 (0%)]	Loss: 0.064374
INFO:root:Train Epoch: 69 [32000/60000 (53%)]	Loss: 0.055686
INFO:root:
Validation set: Average loss: 0.0342, Accuracy: 9892/10000 (99%)

INFO:root:Train Epoch: 70 [0/60000 (0%)]	Loss: 0.097164
INFO:root:Train Epoch: 70 [32000/60000 (53%)]	Loss: 0.023639
INFO:root:
Validation set: Average loss: 0.0303, Accuracy: 9910/10000 (99%)

INFO:root:Train Epoch: 71 [0/60000 (0%)]	Loss: 0.017463
INFO:root:Train Epoch: 71 [32000/60000 (53%)]	Loss: 0.105444
INFO:root:
Validation set: Average loss: 0.0318, Accuracy: 9909/10000 (99%)

INFO:root:Train Epoch: 72 [0/60000 (0%)]	Loss: 0.009819
INFO:root:Train Epoch: 72 [32000/60000 (53%)]	Loss: 0.009745
INFO:root:
Validation set: Average loss: 0.0288, Accuracy: 9909/10000 (99%)

INFO:root:Train Epoch: 73 [0/60000 (0%)]	Loss: 0.005875
INFO:root:Train Epoch: 73 [32000/60000 (53%)]	Loss: 0.012760
INFO:root:
Validation set: Average loss: 0.0291, Accuracy: 9920/10000 (99%)

INFO:root:Train Epoch: 74 [0/60000 (0%)]	Loss: 0.037303
INFO:root:Train Epoch: 74 [32000/60000 (53%)]	Loss: 0.062506
INFO:root:
Validation set: Average loss: 0.0281, Accuracy: 9917/10000 (99%)

INFO:root:Found a new best model. Saving...
INFO:root:Model is saved.

INFO:root:Train Epoch: 75 [0/60000 (0%)]	Loss: 0.021942
INFO:root:Train Epoch: 75 [32000/60000 (53%)]	Loss: 0.012174
INFO:root:
Validation set: Average loss: 0.0299, Accuracy: 9914/10000 (99%)

INFO:root:Train Epoch: 76 [0/60000 (0%)]	Loss: 0.021719
INFO:root:Train Epoch: 76 [32000/60000 (53%)]	Loss: 0.016952
INFO:root:
Validation set: Average loss: 0.0316, Accuracy: 9907/10000 (99%)

INFO:root:Train Epoch: 77 [0/60000 (0%)]	Loss: 0.047574
INFO:root:Train Epoch: 77 [32000/60000 (53%)]	Loss: 0.111343
INFO:root:
Validation set: Average loss: 0.0253, Accuracy: 9926/10000 (99%)

INFO:root:Found a new best model. Saving...
INFO:root:Model is saved.

INFO:root:Train Epoch: 78 [0/60000 (0%)]	Loss: 0.008174
INFO:root:Train Epoch: 78 [32000/60000 (53%)]	Loss: 0.053934
INFO:root:
Validation set: Average loss: 0.0271, Accuracy: 9921/10000 (99%)

INFO:root:Train Epoch: 79 [0/60000 (0%)]	Loss: 0.070654
INFO:root:Train Epoch: 79 [32000/60000 (53%)]	Loss: 0.015050
INFO:root:
Validation set: Average loss: 0.0268, Accuracy: 9926/10000 (99%)

INFO:root:Train Epoch: 80 [0/60000 (0%)]	Loss: 0.105881
INFO:root:Train Epoch: 80 [32000/60000 (53%)]	Loss: 0.005898
INFO:root:
Validation set: Average loss: 0.0374, Accuracy: 9903/10000 (99%)

INFO:root:Train Epoch: 81 [0/60000 (0%)]	Loss: 0.028833
INFO:root:Train Epoch: 81 [32000/60000 (53%)]	Loss: 0.021877
INFO:root:
Validation set: Average loss: 0.0314, Accuracy: 9913/10000 (99%)

INFO:root:Train Epoch: 82 [0/60000 (0%)]	Loss: 0.006284
INFO:root:Train Epoch: 82 [32000/60000 (53%)]	Loss: 0.012797
INFO:root:
Validation set: Average loss: 0.0295, Accuracy: 9906/10000 (99%)

INFO:root:Train Epoch: 83 [0/60000 (0%)]	Loss: 0.094425
INFO:root:Train Epoch: 83 [32000/60000 (53%)]	Loss: 0.053584
INFO:root:
Validation set: Average loss: 0.0385, Accuracy: 9899/10000 (99%)

INFO:root:Train Epoch: 84 [0/60000 (0%)]	Loss: 0.035761
INFO:root:Train Epoch: 84 [32000/60000 (53%)]	Loss: 0.001281
INFO:root:
Validation set: Average loss: 0.0598, Accuracy: 9842/10000 (98%)

INFO:root:Train Epoch: 85 [0/60000 (0%)]	Loss: 0.198972
INFO:root:Train Epoch: 85 [32000/60000 (53%)]	Loss: 0.087148
INFO:root:
Validation set: Average loss: 0.0289, Accuracy: 9916/10000 (99%)

INFO:root:Train Epoch: 86 [0/60000 (0%)]	Loss: 0.027273
INFO:root:Train Epoch: 86 [32000/60000 (53%)]	Loss: 0.038058
INFO:root:
Validation set: Average loss: 0.0287, Accuracy: 9917/10000 (99%)

INFO:root:Train Epoch: 87 [0/60000 (0%)]	Loss: 0.030419
INFO:root:Train Epoch: 87 [32000/60000 (53%)]	Loss: 0.019767
INFO:root:
Validation set: Average loss: 0.0296, Accuracy: 9913/10000 (99%)

INFO:root:Train Epoch: 88 [0/60000 (0%)]	Loss: 0.052328
INFO:root:Train Epoch: 88 [32000/60000 (53%)]	Loss: 0.068899
INFO:root:
Validation set: Average loss: 0.0312, Accuracy: 9912/10000 (99%)

INFO:root:Train Epoch: 89 [0/60000 (0%)]	Loss: 0.061192
INFO:root:Train Epoch: 89 [32000/60000 (53%)]	Loss: 0.239171
INFO:root:
Validation set: Average loss: 0.0318, Accuracy: 9910/10000 (99%)

INFO:root:Train Epoch: 90 [0/60000 (0%)]	Loss: 0.007481
INFO:root:Train Epoch: 90 [32000/60000 (53%)]	Loss: 0.132945
INFO:root:
Validation set: Average loss: 0.0328, Accuracy: 9911/10000 (99%)

INFO:root:Train Epoch: 91 [0/60000 (0%)]	Loss: 0.082851
INFO:root:Train Epoch: 91 [32000/60000 (53%)]	Loss: 0.025384
INFO:root:
Validation set: Average loss: 0.0266, Accuracy: 9922/10000 (99%)

INFO:root:Train Epoch: 92 [0/60000 (0%)]	Loss: 0.005634
INFO:root:Train Epoch: 92 [32000/60000 (53%)]	Loss: 0.018570
INFO:root:
Validation set: Average loss: 0.0314, Accuracy: 9909/10000 (99%)

INFO:root:Train Epoch: 93 [0/60000 (0%)]	Loss: 0.080561
INFO:root:Train Epoch: 93 [32000/60000 (53%)]	Loss: 0.022797
INFO:root:
Validation set: Average loss: 0.0291, Accuracy: 9924/10000 (99%)

INFO:root:Train Epoch: 94 [0/60000 (0%)]	Loss: 0.025843
INFO:root:Train Epoch: 94 [32000/60000 (53%)]	Loss: 0.023662
INFO:root:
Validation set: Average loss: 0.0313, Accuracy: 9916/10000 (99%)

INFO:root:Train Epoch: 95 [0/60000 (0%)]	Loss: 0.008562
INFO:root:Train Epoch: 95 [32000/60000 (53%)]	Loss: 0.016512
INFO:root:
Validation set: Average loss: 0.0346, Accuracy: 9907/10000 (99%)

INFO:root:Train Epoch: 96 [0/60000 (0%)]	Loss: 0.020456
INFO:root:Train Epoch: 96 [32000/60000 (53%)]	Loss: 0.082758
INFO:root:
Validation set: Average loss: 0.0271, Accuracy: 9917/10000 (99%)

INFO:root:Train Epoch: 97 [0/60000 (0%)]	Loss: 0.016820
INFO:root:Train Epoch: 97 [32000/60000 (53%)]	Loss: 0.022336
INFO:root:
Validation set: Average loss: 0.0504, Accuracy: 9867/10000 (99%)

INFO:root:Train Epoch: 98 [0/60000 (0%)]	Loss: 0.130726
INFO:root:Train Epoch: 98 [32000/60000 (53%)]	Loss: 0.029191
INFO:root:
Validation set: Average loss: 0.0290, Accuracy: 9913/10000 (99%)

INFO:root:Train Epoch: 99 [0/60000 (0%)]	Loss: 0.003403
INFO:root:Train Epoch: 99 [32000/60000 (53%)]	Loss: 0.003437
INFO:root:
Validation set: Average loss: 0.0273, Accuracy: 9911/10000 (99%)

INFO:root:Train Epoch: 100 [0/60000 (0%)]	Loss: 0.025438
INFO:root:Train Epoch: 100 [32000/60000 (53%)]	Loss: 0.011528
INFO:root:
Validation set: Average loss: 0.0303, Accuracy: 9916/10000 (99%)

INFO:root:Train Epoch: 101 [0/60000 (0%)]	Loss: 0.003062
INFO:root:Train Epoch: 101 [32000/60000 (53%)]	Loss: 0.021739
INFO:root:
Validation set: Average loss: 0.0313, Accuracy: 9909/10000 (99%)

INFO:root:Train Epoch: 102 [0/60000 (0%)]	Loss: 0.020555
INFO:root:Train Epoch: 102 [32000/60000 (53%)]	Loss: 0.035172
INFO:root:
Validation set: Average loss: 0.0272, Accuracy: 9918/10000 (99%)

INFO:root:Train Epoch: 103 [0/60000 (0%)]	Loss: 0.038865
INFO:root:Train Epoch: 103 [32000/60000 (53%)]	Loss: 0.031422
INFO:root:
Validation set: Average loss: 0.0285, Accuracy: 9920/10000 (99%)

INFO:root:Train Epoch: 104 [0/60000 (0%)]	Loss: 0.020965
INFO:root:Train Epoch: 104 [32000/60000 (53%)]	Loss: 0.004435
INFO:root:
Validation set: Average loss: 0.0301, Accuracy: 9912/10000 (99%)

INFO:root:Train Epoch: 105 [0/60000 (0%)]	Loss: 0.022249
INFO:root:Train Epoch: 105 [32000/60000 (53%)]	Loss: 0.042374
INFO:root:
Validation set: Average loss: 0.0357, Accuracy: 9903/10000 (99%)

INFO:root:Train Epoch: 106 [0/60000 (0%)]	Loss: 0.008381
INFO:root:Train Epoch: 106 [32000/60000 (53%)]	Loss: 0.102974
INFO:root:
Validation set: Average loss: 0.0327, Accuracy: 9906/10000 (99%)

INFO:root:Train Epoch: 107 [0/60000 (0%)]	Loss: 0.072804
INFO:root:Train Epoch: 107 [32000/60000 (53%)]	Loss: 0.053293
INFO:root:
Validation set: Average loss: 0.0295, Accuracy: 9913/10000 (99%)

INFO:root:Train Epoch: 108 [0/60000 (0%)]	Loss: 0.208252
INFO:root:Train Epoch: 108 [32000/60000 (53%)]	Loss: 0.018727
INFO:root:
Validation set: Average loss: 0.0272, Accuracy: 9926/10000 (99%)

INFO:root:Train Epoch: 109 [0/60000 (0%)]	Loss: 0.014840
INFO:root:Train Epoch: 109 [32000/60000 (53%)]	Loss: 0.136964
INFO:root:
Validation set: Average loss: 0.0286, Accuracy: 9914/10000 (99%)

INFO:root:Train Epoch: 110 [0/60000 (0%)]	Loss: 0.007554
INFO:root:Train Epoch: 110 [32000/60000 (53%)]	Loss: 0.002056
INFO:root:
Validation set: Average loss: 0.1538, Accuracy: 9579/10000 (96%)

INFO:root:Train Epoch: 111 [0/60000 (0%)]	Loss: 0.477747
INFO:root:Train Epoch: 111 [32000/60000 (53%)]	Loss: 0.074176
INFO:root:
Validation set: Average loss: 0.0289, Accuracy: 9926/10000 (99%)

INFO:root:Train Epoch: 112 [0/60000 (0%)]	Loss: 0.006402
INFO:root:Train Epoch: 112 [32000/60000 (53%)]	Loss: 0.010845
INFO:root:
Validation set: Average loss: 0.0354, Accuracy: 9906/10000 (99%)

INFO:root:Train Epoch: 113 [0/60000 (0%)]	Loss: 0.051173
INFO:root:Train Epoch: 113 [32000/60000 (53%)]	Loss: 0.021104
INFO:root:
Validation set: Average loss: 0.0269, Accuracy: 9919/10000 (99%)

INFO:root:Train Epoch: 114 [0/60000 (0%)]	Loss: 0.029447
INFO:root:Train Epoch: 114 [32000/60000 (53%)]	Loss: 0.105178
INFO:root:
Validation set: Average loss: 0.0321, Accuracy: 9911/10000 (99%)

INFO:root:Train Epoch: 115 [0/60000 (0%)]	Loss: 0.027916
INFO:root:Train Epoch: 115 [32000/60000 (53%)]	Loss: 0.060463
INFO:root:
Validation set: Average loss: 0.0343, Accuracy: 9913/10000 (99%)

INFO:root:Train Epoch: 116 [0/60000 (0%)]	Loss: 0.176568
INFO:root:Train Epoch: 116 [32000/60000 (53%)]	Loss: 0.062459
INFO:root:
Validation set: Average loss: 0.0311, Accuracy: 9916/10000 (99%)

INFO:root:Train Epoch: 117 [0/60000 (0%)]	Loss: 0.006734
INFO:root:Train Epoch: 117 [32000/60000 (53%)]	Loss: 0.006272
INFO:root:
Validation set: Average loss: 0.0323, Accuracy: 9917/10000 (99%)

INFO:root:Train Epoch: 118 [0/60000 (0%)]	Loss: 0.021079
INFO:root:Train Epoch: 118 [32000/60000 (53%)]	Loss: 0.008805
INFO:root:
Validation set: Average loss: 0.0305, Accuracy: 9921/10000 (99%)

INFO:root:Train Epoch: 119 [0/60000 (0%)]	Loss: 0.000742
INFO:root:Train Epoch: 119 [32000/60000 (53%)]	Loss: 0.004341
INFO:root:
Validation set: Average loss: 0.0310, Accuracy: 9906/10000 (99%)

INFO:root:Train Epoch: 120 [0/60000 (0%)]	Loss: 0.045829
INFO:root:Train Epoch: 120 [32000/60000 (53%)]	Loss: 0.040797
INFO:root:
Validation set: Average loss: 0.0328, Accuracy: 9914/10000 (99%)

INFO:root:Train Epoch: 121 [0/60000 (0%)]	Loss: 0.016484
INFO:root:Train Epoch: 121 [32000/60000 (53%)]	Loss: 0.054622
INFO:root:
Validation set: Average loss: 0.0363, Accuracy: 9906/10000 (99%)

INFO:root:Train Epoch: 122 [0/60000 (0%)]	Loss: 0.057332
INFO:root:Train Epoch: 122 [32000/60000 (53%)]	Loss: 0.025357
INFO:root:
Validation set: Average loss: 0.0380, Accuracy: 9894/10000 (99%)

INFO:root:Train Epoch: 123 [0/60000 (0%)]	Loss: 0.004712
INFO:root:Train Epoch: 123 [32000/60000 (53%)]	Loss: 0.003414
INFO:root:
Validation set: Average loss: 0.0320, Accuracy: 9905/10000 (99%)

INFO:root:Train Epoch: 124 [0/60000 (0%)]	Loss: 0.067601
INFO:root:Train Epoch: 124 [32000/60000 (53%)]	Loss: 0.612933
INFO:root:
Validation set: Average loss: 0.0309, Accuracy: 9916/10000 (99%)

INFO:root:Train Epoch: 125 [0/60000 (0%)]	Loss: 0.015957
INFO:root:Train Epoch: 125 [32000/60000 (53%)]	Loss: 0.020445
INFO:root:
Validation set: Average loss: 0.0306, Accuracy: 9915/10000 (99%)

INFO:root:Train Epoch: 126 [0/60000 (0%)]	Loss: 0.028356
INFO:root:Train Epoch: 126 [32000/60000 (53%)]	Loss: 0.002560
INFO:root:
Validation set: Average loss: 0.0329, Accuracy: 9913/10000 (99%)

INFO:root:Train Epoch: 127 [0/60000 (0%)]	Loss: 0.060243
INFO:root:Train Epoch: 127 [32000/60000 (53%)]	Loss: 0.001633
INFO:root:
Validation set: Average loss: 0.0437, Accuracy: 9881/10000 (99%)

INFO:root:Train Epoch: 128 [0/60000 (0%)]	Loss: 0.268050
INFO:root:Train Epoch: 128 [32000/60000 (53%)]	Loss: 0.001361
INFO:root:
Validation set: Average loss: 0.0355, Accuracy: 9913/10000 (99%)

INFO:root:Train Epoch: 129 [0/60000 (0%)]	Loss: 0.072006
INFO:root:Train Epoch: 129 [32000/60000 (53%)]	Loss: 0.031028
INFO:root:
Validation set: Average loss: 0.0318, Accuracy: 9917/10000 (99%)

INFO:root:Train Epoch: 130 [0/60000 (0%)]	Loss: 0.006335
INFO:root:Train Epoch: 130 [32000/60000 (53%)]	Loss: 0.043299
INFO:root:
Validation set: Average loss: 0.0330, Accuracy: 9909/10000 (99%)

INFO:root:Train Epoch: 131 [0/60000 (0%)]	Loss: 0.008992
INFO:root:Train Epoch: 131 [32000/60000 (53%)]	Loss: 0.020207
INFO:root:
Validation set: Average loss: 0.0310, Accuracy: 9914/10000 (99%)

INFO:root:Train Epoch: 132 [0/60000 (0%)]	Loss: 0.151638
INFO:root:Train Epoch: 132 [32000/60000 (53%)]	Loss: 0.003874
INFO:root:
Validation set: Average loss: 0.0341, Accuracy: 9912/10000 (99%)

INFO:root:Train Epoch: 133 [0/60000 (0%)]	Loss: 0.005775
INFO:root:Train Epoch: 133 [32000/60000 (53%)]	Loss: 0.047070
INFO:root:
Validation set: Average loss: 0.0324, Accuracy: 9917/10000 (99%)

INFO:root:Train Epoch: 134 [0/60000 (0%)]	Loss: 0.089775
INFO:root:Train Epoch: 134 [32000/60000 (53%)]	Loss: 0.041154
INFO:root:
Validation set: Average loss: 0.0306, Accuracy: 9923/10000 (99%)

INFO:root:Train Epoch: 135 [0/60000 (0%)]	Loss: 0.023482
INFO:root:Train Epoch: 135 [32000/60000 (53%)]	Loss: 0.009103
INFO:root:
Validation set: Average loss: 0.0315, Accuracy: 9918/10000 (99%)

INFO:root:Train Epoch: 136 [0/60000 (0%)]	Loss: 0.023608
INFO:root:Train Epoch: 136 [32000/60000 (53%)]	Loss: 0.037802
INFO:root:
Validation set: Average loss: 0.0324, Accuracy: 9915/10000 (99%)

INFO:root:Train Epoch: 137 [0/60000 (0%)]	Loss: 0.049543
INFO:root:Train Epoch: 137 [32000/60000 (53%)]	Loss: 0.078059
INFO:root:
Validation set: Average loss: 0.0374, Accuracy: 9898/10000 (99%)

INFO:root:Train Epoch: 138 [0/60000 (0%)]	Loss: 0.003273
INFO:root:Train Epoch: 138 [32000/60000 (53%)]	Loss: 0.004950
INFO:root:
Validation set: Average loss: 0.0397, Accuracy: 9903/10000 (99%)

INFO:root:Train Epoch: 139 [0/60000 (0%)]	Loss: 0.032333
INFO:root:Train Epoch: 139 [32000/60000 (53%)]	Loss: 0.014050
INFO:root:
Validation set: Average loss: 0.0425, Accuracy: 9882/10000 (99%)

INFO:root:Train Epoch: 140 [0/60000 (0%)]	Loss: 0.005862
INFO:root:Train Epoch: 140 [32000/60000 (53%)]	Loss: 0.001086
INFO:root:
Validation set: Average loss: 0.0320, Accuracy: 9909/10000 (99%)

INFO:root:Train Epoch: 141 [0/60000 (0%)]	Loss: 0.003337
INFO:root:Train Epoch: 141 [32000/60000 (53%)]	Loss: 0.005575
INFO:root:
Validation set: Average loss: 0.0366, Accuracy: 9899/10000 (99%)

INFO:root:Train Epoch: 142 [0/60000 (0%)]	Loss: 0.079626
INFO:root:Train Epoch: 142 [32000/60000 (53%)]	Loss: 0.011327
INFO:root:
Validation set: Average loss: 0.0371, Accuracy: 9908/10000 (99%)

INFO:root:Train Epoch: 143 [0/60000 (0%)]	Loss: 0.029471
INFO:root:Train Epoch: 143 [32000/60000 (53%)]	Loss: 0.029854
INFO:root:
Validation set: Average loss: 0.0306, Accuracy: 9920/10000 (99%)

INFO:root:Train Epoch: 144 [0/60000 (0%)]	Loss: 0.001404
INFO:root:Train Epoch: 144 [32000/60000 (53%)]	Loss: 0.012239
INFO:root:
Validation set: Average loss: 0.0328, Accuracy: 9903/10000 (99%)

INFO:root:Train Epoch: 145 [0/60000 (0%)]	Loss: 0.011676
INFO:root:Train Epoch: 145 [32000/60000 (53%)]	Loss: 0.000737
INFO:root:
Validation set: Average loss: 0.0281, Accuracy: 9929/10000 (99%)

INFO:root:Train Epoch: 146 [0/60000 (0%)]	Loss: 0.008851
INFO:root:Train Epoch: 146 [32000/60000 (53%)]	Loss: 0.007912
INFO:root:
Validation set: Average loss: 0.0280, Accuracy: 9923/10000 (99%)

INFO:root:Train Epoch: 147 [0/60000 (0%)]	Loss: 0.010272
INFO:root:Train Epoch: 147 [32000/60000 (53%)]	Loss: 0.100985
INFO:root:
Validation set: Average loss: 0.0285, Accuracy: 9924/10000 (99%)

INFO:root:Train Epoch: 148 [0/60000 (0%)]	Loss: 0.008923
INFO:root:Train Epoch: 148 [32000/60000 (53%)]	Loss: 0.058705
INFO:root:
Validation set: Average loss: 0.0321, Accuracy: 9911/10000 (99%)

INFO:root:Train Epoch: 149 [0/60000 (0%)]	Loss: 0.117747
INFO:root:Train Epoch: 149 [32000/60000 (53%)]	Loss: 0.006617
INFO:root:
Validation set: Average loss: 0.0366, Accuracy: 9919/10000 (99%)

INFO:root:Train Epoch: 150 [0/60000 (0%)]	Loss: 0.108318
INFO:root:Train Epoch: 150 [32000/60000 (53%)]	Loss: 0.115908
INFO:root:
Validation set: Average loss: 0.0410, Accuracy: 9896/10000 (99%)

INFO:root:Train Epoch: 151 [0/60000 (0%)]	Loss: 0.059149
INFO:root:Train Epoch: 151 [32000/60000 (53%)]	Loss: 0.040339
INFO:root:
Validation set: Average loss: 0.0397, Accuracy: 9904/10000 (99%)

INFO:root:Train Epoch: 152 [0/60000 (0%)]	Loss: 0.018842
INFO:root:Train Epoch: 152 [32000/60000 (53%)]	Loss: 0.029074
INFO:root:
Validation set: Average loss: 0.0424, Accuracy: 9898/10000 (99%)

INFO:root:Train Epoch: 153 [0/60000 (0%)]	Loss: 0.022244
INFO:root:Train Epoch: 153 [32000/60000 (53%)]	Loss: 0.100858
INFO:root:
Validation set: Average loss: 0.0377, Accuracy: 9911/10000 (99%)

INFO:root:Train Epoch: 154 [0/60000 (0%)]	Loss: 0.005765
INFO:root:Train Epoch: 154 [32000/60000 (53%)]	Loss: 0.023961
INFO:root:
Validation set: Average loss: 0.0383, Accuracy: 9900/10000 (99%)

INFO:root:Train Epoch: 155 [0/60000 (0%)]	Loss: 0.066035
INFO:root:Train Epoch: 155 [32000/60000 (53%)]	Loss: 0.014661
INFO:root:
Validation set: Average loss: 0.0364, Accuracy: 9915/10000 (99%)

INFO:root:Train Epoch: 156 [0/60000 (0%)]	Loss: 0.024863
INFO:root:Train Epoch: 156 [32000/60000 (53%)]	Loss: 0.005168
INFO:root:
Validation set: Average loss: 0.0346, Accuracy: 9920/10000 (99%)

INFO:root:Train Epoch: 157 [0/60000 (0%)]	Loss: 0.004438
INFO:root:Train Epoch: 157 [32000/60000 (53%)]	Loss: 0.009206
INFO:root:
Validation set: Average loss: 0.0387, Accuracy: 9912/10000 (99%)

INFO:root:Train Epoch: 158 [0/60000 (0%)]	Loss: 0.225633
INFO:root:Train Epoch: 158 [32000/60000 (53%)]	Loss: 0.028829
INFO:root:
Validation set: Average loss: 0.0304, Accuracy: 9919/10000 (99%)

INFO:root:Train Epoch: 159 [0/60000 (0%)]	Loss: 0.002931
INFO:root:Train Epoch: 159 [32000/60000 (53%)]	Loss: 0.028694
INFO:root:
Validation set: Average loss: 0.0339, Accuracy: 9914/10000 (99%)

INFO:root:Train Epoch: 160 [0/60000 (0%)]	Loss: 0.000767
INFO:root:Train Epoch: 160 [32000/60000 (53%)]	Loss: 0.038858
INFO:root:
Validation set: Average loss: 0.0359, Accuracy: 9911/10000 (99%)

INFO:root:Train Epoch: 161 [0/60000 (0%)]	Loss: 0.009902
INFO:root:Train Epoch: 161 [32000/60000 (53%)]	Loss: 0.002391
INFO:root:
Validation set: Average loss: 0.0400, Accuracy: 9899/10000 (99%)

INFO:root:Train Epoch: 162 [0/60000 (0%)]	Loss: 0.092109
INFO:root:Train Epoch: 162 [32000/60000 (53%)]	Loss: 0.337918
INFO:root:
Validation set: Average loss: 0.0443, Accuracy: 9887/10000 (99%)

INFO:root:Train Epoch: 163 [0/60000 (0%)]	Loss: 0.100113
INFO:root:Train Epoch: 163 [32000/60000 (53%)]	Loss: 0.066309
INFO:root:
Validation set: Average loss: 0.0467, Accuracy: 9877/10000 (99%)

INFO:root:Train Epoch: 164 [0/60000 (0%)]	Loss: 0.086152
INFO:root:Train Epoch: 164 [32000/60000 (53%)]	Loss: 0.080297
INFO:root:
Validation set: Average loss: 0.0367, Accuracy: 9917/10000 (99%)

INFO:root:Train Epoch: 165 [0/60000 (0%)]	Loss: 0.059986
INFO:root:Train Epoch: 165 [32000/60000 (53%)]	Loss: 0.006548
INFO:root:
Validation set: Average loss: 0.0305, Accuracy: 9921/10000 (99%)

INFO:root:Train Epoch: 166 [0/60000 (0%)]	Loss: 0.007115
INFO:root:Train Epoch: 166 [32000/60000 (53%)]	Loss: 0.059235
INFO:root:
Validation set: Average loss: 0.0373, Accuracy: 9893/10000 (99%)

INFO:root:Train Epoch: 167 [0/60000 (0%)]	Loss: 0.025808
INFO:root:Train Epoch: 167 [32000/60000 (53%)]	Loss: 0.141567
INFO:root:
Validation set: Average loss: 0.0349, Accuracy: 9903/10000 (99%)

INFO:root:Train Epoch: 168 [0/60000 (0%)]	Loss: 0.021161
INFO:root:Train Epoch: 168 [32000/60000 (53%)]	Loss: 0.098734
INFO:root:
Validation set: Average loss: 0.0354, Accuracy: 9909/10000 (99%)

INFO:root:Train Epoch: 169 [0/60000 (0%)]	Loss: 0.024013
INFO:root:Train Epoch: 169 [32000/60000 (53%)]	Loss: 0.021492
INFO:root:
Validation set: Average loss: 0.0432, Accuracy: 9902/10000 (99%)

INFO:root:Train Epoch: 170 [0/60000 (0%)]	Loss: 0.098287
INFO:root:Train Epoch: 170 [32000/60000 (53%)]	Loss: 0.005195
INFO:root:
Validation set: Average loss: 0.0357, Accuracy: 9912/10000 (99%)

INFO:root:Train Epoch: 171 [0/60000 (0%)]	Loss: 0.033633
INFO:root:Train Epoch: 171 [32000/60000 (53%)]	Loss: 0.009448
INFO:root:
Validation set: Average loss: 0.0351, Accuracy: 9914/10000 (99%)

INFO:root:Train Epoch: 172 [0/60000 (0%)]	Loss: 0.006765
INFO:root:Train Epoch: 172 [32000/60000 (53%)]	Loss: 0.023897
INFO:root:
Validation set: Average loss: 0.0446, Accuracy: 9881/10000 (99%)

INFO:root:Train Epoch: 173 [0/60000 (0%)]	Loss: 0.247184
INFO:root:Train Epoch: 173 [32000/60000 (53%)]	Loss: 0.069544
INFO:root:
Validation set: Average loss: 0.0319, Accuracy: 9921/10000 (99%)

INFO:root:Train Epoch: 174 [0/60000 (0%)]	Loss: 0.008275
INFO:root:Train Epoch: 174 [32000/60000 (53%)]	Loss: 0.069838
INFO:root:
Validation set: Average loss: 0.0372, Accuracy: 9908/10000 (99%)

INFO:root:Train Epoch: 175 [0/60000 (0%)]	Loss: 0.055009
INFO:root:Train Epoch: 175 [32000/60000 (53%)]	Loss: 0.009773
INFO:root:
Validation set: Average loss: 0.0294, Accuracy: 9924/10000 (99%)

INFO:root:Train Epoch: 176 [0/60000 (0%)]	Loss: 0.003476
INFO:root:Train Epoch: 176 [32000/60000 (53%)]	Loss: 0.129259
INFO:root:
Validation set: Average loss: 0.0272, Accuracy: 9926/10000 (99%)

INFO:root:Train Epoch: 177 [0/60000 (0%)]	Loss: 0.003005
INFO:root:Train Epoch: 177 [32000/60000 (53%)]	Loss: 0.016263
INFO:root:
Validation set: Average loss: 0.0336, Accuracy: 9911/10000 (99%)

INFO:root:Train Epoch: 178 [0/60000 (0%)]	Loss: 0.014367
INFO:root:Train Epoch: 178 [32000/60000 (53%)]	Loss: 0.014458
INFO:root:
Validation set: Average loss: 0.0399, Accuracy: 9907/10000 (99%)

INFO:root:Train Epoch: 179 [0/60000 (0%)]	Loss: 0.038608
INFO:root:Train Epoch: 179 [32000/60000 (53%)]	Loss: 0.019307
INFO:root:
Validation set: Average loss: 0.0352, Accuracy: 9911/10000 (99%)

INFO:root:Train Epoch: 180 [0/60000 (0%)]	Loss: 0.004040
INFO:root:Train Epoch: 180 [32000/60000 (53%)]	Loss: 0.000249
INFO:root:
Validation set: Average loss: 0.0340, Accuracy: 9908/10000 (99%)

INFO:root:Train Epoch: 181 [0/60000 (0%)]	Loss: 0.029211
INFO:root:Train Epoch: 181 [32000/60000 (53%)]	Loss: 0.007788
INFO:root:
Validation set: Average loss: 0.0389, Accuracy: 9917/10000 (99%)

INFO:root:Train Epoch: 182 [0/60000 (0%)]	Loss: 0.001888
INFO:root:Train Epoch: 182 [32000/60000 (53%)]	Loss: 0.003371
INFO:root:
Validation set: Average loss: 0.0396, Accuracy: 9902/10000 (99%)

INFO:root:Train Epoch: 183 [0/60000 (0%)]	Loss: 0.019241
INFO:root:Train Epoch: 183 [32000/60000 (53%)]	Loss: 0.003548
INFO:root:
Validation set: Average loss: 0.0364, Accuracy: 9915/10000 (99%)

INFO:root:Train Epoch: 184 [0/60000 (0%)]	Loss: 0.026105
INFO:root:Train Epoch: 184 [32000/60000 (53%)]	Loss: 0.035314
INFO:root:
Validation set: Average loss: 0.0338, Accuracy: 9913/10000 (99%)

INFO:root:Train Epoch: 185 [0/60000 (0%)]	Loss: 0.013854
INFO:root:Train Epoch: 185 [32000/60000 (53%)]	Loss: 0.057052
INFO:root:
Validation set: Average loss: 0.0325, Accuracy: 9913/10000 (99%)

INFO:root:Train Epoch: 186 [0/60000 (0%)]	Loss: 0.010973
INFO:root:Train Epoch: 186 [32000/60000 (53%)]	Loss: 0.031029
INFO:root:
Validation set: Average loss: 0.0309, Accuracy: 9924/10000 (99%)

INFO:root:Train Epoch: 187 [0/60000 (0%)]	Loss: 0.040460
INFO:root:Train Epoch: 187 [32000/60000 (53%)]	Loss: 0.005209
INFO:root:
Validation set: Average loss: 0.0333, Accuracy: 9921/10000 (99%)

INFO:root:Train Epoch: 188 [0/60000 (0%)]	Loss: 0.128504
INFO:root:Train Epoch: 188 [32000/60000 (53%)]	Loss: 0.147582
INFO:root:
Validation set: Average loss: 0.0422, Accuracy: 9895/10000 (99%)

INFO:root:Train Epoch: 189 [0/60000 (0%)]	Loss: 0.002169
INFO:root:Train Epoch: 189 [32000/60000 (53%)]	Loss: 0.029975
INFO:root:
Validation set: Average loss: 0.0326, Accuracy: 9919/10000 (99%)

INFO:root:Train Epoch: 190 [0/60000 (0%)]	Loss: 0.061817
INFO:root:Train Epoch: 190 [32000/60000 (53%)]	Loss: 0.006695
INFO:root:
Validation set: Average loss: 0.0334, Accuracy: 9924/10000 (99%)

INFO:root:Train Epoch: 191 [0/60000 (0%)]	Loss: 0.021316
INFO:root:Train Epoch: 191 [32000/60000 (53%)]	Loss: 0.007576
INFO:root:
Validation set: Average loss: 0.0487, Accuracy: 9897/10000 (99%)

INFO:root:Train Epoch: 192 [0/60000 (0%)]	Loss: 0.014615
INFO:root:Train Epoch: 192 [32000/60000 (53%)]	Loss: 0.045516
INFO:root:
Validation set: Average loss: 0.0322, Accuracy: 9925/10000 (99%)

INFO:root:Train Epoch: 193 [0/60000 (0%)]	Loss: 0.015684
INFO:root:Train Epoch: 193 [32000/60000 (53%)]	Loss: 0.133357
INFO:root:
Validation set: Average loss: 0.0326, Accuracy: 9916/10000 (99%)

INFO:root:Train Epoch: 194 [0/60000 (0%)]	Loss: 0.018909
INFO:root:Train Epoch: 194 [32000/60000 (53%)]	Loss: 0.011449
INFO:root:
Validation set: Average loss: 0.0382, Accuracy: 9903/10000 (99%)

INFO:root:Train Epoch: 195 [0/60000 (0%)]	Loss: 0.050714
INFO:root:Train Epoch: 195 [32000/60000 (53%)]	Loss: 0.066858
INFO:root:
Validation set: Average loss: 0.0360, Accuracy: 9905/10000 (99%)

INFO:root:Train Epoch: 196 [0/60000 (0%)]	Loss: 0.024837
INFO:root:Train Epoch: 196 [32000/60000 (53%)]	Loss: 0.006948
INFO:root:
Validation set: Average loss: 0.0344, Accuracy: 9920/10000 (99%)

INFO:root:Train Epoch: 197 [0/60000 (0%)]	Loss: 0.081725
INFO:root:Train Epoch: 197 [32000/60000 (53%)]	Loss: 0.019365
INFO:root:
Validation set: Average loss: 0.0315, Accuracy: 9929/10000 (99%)

INFO:root:Train Epoch: 198 [0/60000 (0%)]	Loss: 0.018102
INFO:root:Train Epoch: 198 [32000/60000 (53%)]	Loss: 0.017756
INFO:root:
Validation set: Average loss: 0.0328, Accuracy: 9913/10000 (99%)

INFO:root:Train Epoch: 199 [0/60000 (0%)]	Loss: 0.020473
INFO:root:Train Epoch: 199 [32000/60000 (53%)]	Loss: 0.001052
INFO:root:
Validation set: Average loss: 0.0307, Accuracy: 9918/10000 (99%)

INFO:root:Train Epoch: 200 [0/60000 (0%)]	Loss: 0.013059
INFO:root:Train Epoch: 200 [32000/60000 (53%)]	Loss: 0.025087
INFO:root:
Validation set: Average loss: 0.0365, Accuracy: 9904/10000 (99%)

INFO:root:Train Epoch: 201 [0/60000 (0%)]	Loss: 0.030590
INFO:root:Train Epoch: 201 [32000/60000 (53%)]	Loss: 0.208440
INFO:root:
Validation set: Average loss: 0.0295, Accuracy: 9927/10000 (99%)

INFO:root:Train Epoch: 202 [0/60000 (0%)]	Loss: 0.005316
INFO:root:Train Epoch: 202 [32000/60000 (53%)]	Loss: 0.005918
INFO:root:
Validation set: Average loss: 0.0558, Accuracy: 9865/10000 (99%)

INFO:root:Train Epoch: 203 [0/60000 (0%)]	Loss: 0.234338
INFO:root:Train Epoch: 203 [32000/60000 (53%)]	Loss: 0.023463
INFO:root:
Validation set: Average loss: 0.0584, Accuracy: 9865/10000 (99%)

INFO:root:Train Epoch: 204 [0/60000 (0%)]	Loss: 0.179438
INFO:root:Train Epoch: 204 [32000/60000 (53%)]	Loss: 0.045570
INFO:root:
Validation set: Average loss: 0.0305, Accuracy: 9917/10000 (99%)

INFO:root:Train Epoch: 205 [0/60000 (0%)]	Loss: 0.025091
INFO:root:Train Epoch: 205 [32000/60000 (53%)]	Loss: 0.016026
INFO:root:
Validation set: Average loss: 0.0345, Accuracy: 9912/10000 (99%)

INFO:root:Train Epoch: 206 [0/60000 (0%)]	Loss: 0.004056
INFO:root:Train Epoch: 206 [32000/60000 (53%)]	Loss: 0.074200
INFO:root:
Validation set: Average loss: 0.0307, Accuracy: 9919/10000 (99%)

INFO:root:Train Epoch: 207 [0/60000 (0%)]	Loss: 0.011031
INFO:root:Train Epoch: 207 [32000/60000 (53%)]	Loss: 0.007506
INFO:root:
Validation set: Average loss: 0.0339, Accuracy: 9918/10000 (99%)

INFO:root:Train Epoch: 208 [0/60000 (0%)]	Loss: 0.012979
INFO:root:Train Epoch: 208 [32000/60000 (53%)]	Loss: 0.005509
INFO:root:
Validation set: Average loss: 0.0405, Accuracy: 9902/10000 (99%)

INFO:root:Train Epoch: 209 [0/60000 (0%)]	Loss: 0.083680
INFO:root:Train Epoch: 209 [32000/60000 (53%)]	Loss: 0.011527
INFO:root:
Validation set: Average loss: 0.0344, Accuracy: 9911/10000 (99%)

INFO:root:Train Epoch: 210 [0/60000 (0%)]	Loss: 0.072055
INFO:root:Train Epoch: 210 [32000/60000 (53%)]	Loss: 0.013401
INFO:root:
Validation set: Average loss: 0.0357, Accuracy: 9913/10000 (99%)

INFO:root:Train Epoch: 211 [0/60000 (0%)]	Loss: 0.024991
INFO:root:Train Epoch: 211 [32000/60000 (53%)]	Loss: 0.211459
INFO:root:
Validation set: Average loss: 0.0356, Accuracy: 9912/10000 (99%)

INFO:root:Train Epoch: 212 [0/60000 (0%)]	Loss: 0.006828
INFO:root:Train Epoch: 212 [32000/60000 (53%)]	Loss: 0.001246
INFO:root:
Validation set: Average loss: 0.0319, Accuracy: 9917/10000 (99%)

INFO:root:Train Epoch: 213 [0/60000 (0%)]	Loss: 0.033045
INFO:root:Train Epoch: 213 [32000/60000 (53%)]	Loss: 0.050993
INFO:root:
Validation set: Average loss: 0.0357, Accuracy: 9917/10000 (99%)

INFO:root:Train Epoch: 214 [0/60000 (0%)]	Loss: 0.012326
INFO:root:Train Epoch: 214 [32000/60000 (53%)]	Loss: 0.002888
INFO:root:
Validation set: Average loss: 0.0549, Accuracy: 9881/10000 (99%)

INFO:root:Train Epoch: 215 [0/60000 (0%)]	Loss: 0.153525
INFO:root:Train Epoch: 215 [32000/60000 (53%)]	Loss: 0.002860
INFO:root:
Validation set: Average loss: 0.0296, Accuracy: 9928/10000 (99%)

INFO:root:Train Epoch: 216 [0/60000 (0%)]	Loss: 0.017690
INFO:root:Train Epoch: 216 [32000/60000 (53%)]	Loss: 0.014781
INFO:root:
Validation set: Average loss: 0.0366, Accuracy: 9905/10000 (99%)

INFO:root:Train Epoch: 217 [0/60000 (0%)]	Loss: 0.017181
INFO:root:Train Epoch: 217 [32000/60000 (53%)]	Loss: 0.023989
INFO:root:
Validation set: Average loss: 0.0333, Accuracy: 9916/10000 (99%)

INFO:root:Train Epoch: 218 [0/60000 (0%)]	Loss: 0.009433
INFO:root:Train Epoch: 218 [32000/60000 (53%)]	Loss: 0.050736
INFO:root:
Validation set: Average loss: 0.0369, Accuracy: 9916/10000 (99%)

INFO:root:Train Epoch: 219 [0/60000 (0%)]	Loss: 0.006801
INFO:root:Train Epoch: 219 [32000/60000 (53%)]	Loss: 0.046137
INFO:root:
Validation set: Average loss: 0.0312, Accuracy: 9927/10000 (99%)

INFO:root:Train Epoch: 220 [0/60000 (0%)]	Loss: 0.014757
INFO:root:Train Epoch: 220 [32000/60000 (53%)]	Loss: 0.016103
INFO:root:
Validation set: Average loss: 0.0330, Accuracy: 9917/10000 (99%)

INFO:root:Train Epoch: 221 [0/60000 (0%)]	Loss: 0.051998
INFO:root:Train Epoch: 221 [32000/60000 (53%)]	Loss: 0.018398
INFO:root:
Validation set: Average loss: 0.0317, Accuracy: 9909/10000 (99%)

INFO:root:Train Epoch: 222 [0/60000 (0%)]	Loss: 0.012141
INFO:root:Train Epoch: 222 [32000/60000 (53%)]	Loss: 0.057827
INFO:root:
Validation set: Average loss: 0.0354, Accuracy: 9911/10000 (99%)

INFO:root:Train Epoch: 223 [0/60000 (0%)]	Loss: 0.009403
INFO:root:Train Epoch: 223 [32000/60000 (53%)]	Loss: 0.063225
INFO:root:
Validation set: Average loss: 0.0339, Accuracy: 9913/10000 (99%)

INFO:root:Train Epoch: 224 [0/60000 (0%)]	Loss: 0.029752
INFO:root:Train Epoch: 224 [32000/60000 (53%)]	Loss: 0.056156
INFO:root:
Validation set: Average loss: 0.0356, Accuracy: 9917/10000 (99%)

INFO:root:Train Epoch: 225 [0/60000 (0%)]	Loss: 0.010704
INFO:root:Train Epoch: 225 [32000/60000 (53%)]	Loss: 0.008979
INFO:root:
Validation set: Average loss: 0.0356, Accuracy: 9907/10000 (99%)

INFO:root:Train Epoch: 226 [0/60000 (0%)]	Loss: 0.006317
INFO:root:Train Epoch: 226 [32000/60000 (53%)]	Loss: 0.020078
INFO:root:
Validation set: Average loss: 0.0338, Accuracy: 9911/10000 (99%)

INFO:root:Train Epoch: 227 [0/60000 (0%)]	Loss: 0.009027
INFO:root:Train Epoch: 227 [32000/60000 (53%)]	Loss: 0.001201
INFO:root:
Validation set: Average loss: 0.0320, Accuracy: 9925/10000 (99%)

INFO:root:Train Epoch: 228 [0/60000 (0%)]	Loss: 0.036018
INFO:root:Train Epoch: 228 [32000/60000 (53%)]	Loss: 0.062304
INFO:root:
Validation set: Average loss: 0.0327, Accuracy: 9912/10000 (99%)

INFO:root:Train Epoch: 229 [0/60000 (0%)]	Loss: 0.005628
INFO:root:Train Epoch: 229 [32000/60000 (53%)]	Loss: 0.013650
INFO:root:
Validation set: Average loss: 0.0342, Accuracy: 9925/10000 (99%)

INFO:root:Train Epoch: 230 [0/60000 (0%)]	Loss: 0.045682
INFO:root:Train Epoch: 230 [32000/60000 (53%)]	Loss: 0.016496
INFO:root:
Validation set: Average loss: 0.0364, Accuracy: 9915/10000 (99%)

INFO:root:Train Epoch: 231 [0/60000 (0%)]	Loss: 0.094174
INFO:root:Train Epoch: 231 [32000/60000 (53%)]	Loss: 0.001798
INFO:root:
Validation set: Average loss: 0.0352, Accuracy: 9918/10000 (99%)

INFO:root:Train Epoch: 232 [0/60000 (0%)]	Loss: 0.022475
INFO:root:Train Epoch: 232 [32000/60000 (53%)]	Loss: 0.001615
INFO:root:
Validation set: Average loss: 0.0348, Accuracy: 9922/10000 (99%)

INFO:root:Train Epoch: 233 [0/60000 (0%)]	Loss: 0.001009
INFO:root:Train Epoch: 233 [32000/60000 (53%)]	Loss: 0.001337
INFO:root:
Validation set: Average loss: 0.0369, Accuracy: 9913/10000 (99%)

INFO:root:Train Epoch: 234 [0/60000 (0%)]	Loss: 0.043655
INFO:root:Train Epoch: 234 [32000/60000 (53%)]	Loss: 0.008996
INFO:root:
Validation set: Average loss: 0.0296, Accuracy: 9932/10000 (99%)

INFO:root:Train Epoch: 235 [0/60000 (0%)]	Loss: 0.006286
INFO:root:Train Epoch: 235 [32000/60000 (53%)]	Loss: 0.006188
INFO:root:
Validation set: Average loss: 0.0447, Accuracy: 9889/10000 (99%)

INFO:root:Train Epoch: 236 [0/60000 (0%)]	Loss: 0.015599
INFO:root:Train Epoch: 236 [32000/60000 (53%)]	Loss: 0.008858
INFO:root:
Validation set: Average loss: 0.0383, Accuracy: 9901/10000 (99%)

INFO:root:Train Epoch: 237 [0/60000 (0%)]	Loss: 0.004275
INFO:root:Train Epoch: 237 [32000/60000 (53%)]	Loss: 0.001911
INFO:root:
Validation set: Average loss: 0.0312, Accuracy: 9923/10000 (99%)

INFO:root:Train Epoch: 238 [0/60000 (0%)]	Loss: 0.003602
INFO:root:Train Epoch: 238 [32000/60000 (53%)]	Loss: 0.001674
INFO:root:
Validation set: Average loss: 0.0326, Accuracy: 9920/10000 (99%)

INFO:root:Train Epoch: 239 [0/60000 (0%)]	Loss: 0.045004
INFO:root:Train Epoch: 239 [32000/60000 (53%)]	Loss: 0.018766
INFO:root:
Validation set: Average loss: 0.0325, Accuracy: 9925/10000 (99%)

INFO:root:Train Epoch: 240 [0/60000 (0%)]	Loss: 0.049216
INFO:root:Train Epoch: 240 [32000/60000 (53%)]	Loss: 0.027472
INFO:root:
Validation set: Average loss: 0.0359, Accuracy: 9912/10000 (99%)

INFO:root:Train Epoch: 241 [0/60000 (0%)]	Loss: 0.002326
INFO:root:Train Epoch: 241 [32000/60000 (53%)]	Loss: 0.000136
INFO:root:
Validation set: Average loss: 0.0396, Accuracy: 9906/10000 (99%)

INFO:root:Train Epoch: 242 [0/60000 (0%)]	Loss: 0.078698
INFO:root:Train Epoch: 242 [32000/60000 (53%)]	Loss: 0.063902
INFO:root:
Validation set: Average loss: 0.0302, Accuracy: 9921/10000 (99%)

INFO:root:Train Epoch: 243 [0/60000 (0%)]	Loss: 0.048626
INFO:root:Train Epoch: 243 [32000/60000 (53%)]	Loss: 0.071165
INFO:root:
Validation set: Average loss: 0.0344, Accuracy: 9918/10000 (99%)

INFO:root:Train Epoch: 244 [0/60000 (0%)]	Loss: 0.002260
INFO:root:Train Epoch: 244 [32000/60000 (53%)]	Loss: 0.057603
INFO:root:
Validation set: Average loss: 0.0330, Accuracy: 9920/10000 (99%)

INFO:root:Train Epoch: 245 [0/60000 (0%)]	Loss: 0.146214
INFO:root:Train Epoch: 245 [32000/60000 (53%)]	Loss: 0.038208
INFO:root:
Validation set: Average loss: 0.0360, Accuracy: 9907/10000 (99%)

INFO:root:Train Epoch: 246 [0/60000 (0%)]	Loss: 0.110952
INFO:root:Train Epoch: 246 [32000/60000 (53%)]	Loss: 0.004378
INFO:root:
Validation set: Average loss: 0.0343, Accuracy: 9921/10000 (99%)

INFO:root:Train Epoch: 247 [0/60000 (0%)]	Loss: 0.094426
INFO:root:Train Epoch: 247 [32000/60000 (53%)]	Loss: 0.011499
INFO:root:
Validation set: Average loss: 0.0401, Accuracy: 9908/10000 (99%)

INFO:root:Train Epoch: 248 [0/60000 (0%)]	Loss: 0.045445
INFO:root:Train Epoch: 248 [32000/60000 (53%)]	Loss: 0.029268
INFO:root:
Validation set: Average loss: 0.0304, Accuracy: 9925/10000 (99%)

INFO:root:Train Epoch: 249 [0/60000 (0%)]	Loss: 0.018617
INFO:root:Train Epoch: 249 [32000/60000 (53%)]	Loss: 0.015449
INFO:root:
Validation set: Average loss: 0.0391, Accuracy: 9908/10000 (99%)

INFO:root:Train Epoch: 250 [0/60000 (0%)]	Loss: 0.000738
INFO:root:Train Epoch: 250 [32000/60000 (53%)]	Loss: 0.003173
INFO:root:
Validation set: Average loss: 0.0348, Accuracy: 9930/10000 (99%)

INFO:root:Train Epoch: 251 [0/60000 (0%)]	Loss: 0.008576
INFO:root:Train Epoch: 251 [32000/60000 (53%)]	Loss: 0.004072
INFO:root:
Validation set: Average loss: 0.0343, Accuracy: 9924/10000 (99%)

INFO:root:Train Epoch: 252 [0/60000 (0%)]	Loss: 0.081160
INFO:root:Train Epoch: 252 [32000/60000 (53%)]	Loss: 0.131165
INFO:root:
Validation set: Average loss: 0.0367, Accuracy: 9915/10000 (99%)

INFO:root:Train Epoch: 253 [0/60000 (0%)]	Loss: 0.047325
INFO:root:Train Epoch: 253 [32000/60000 (53%)]	Loss: 0.035480
INFO:root:
Validation set: Average loss: 0.0647, Accuracy: 9859/10000 (99%)

INFO:root:Train Epoch: 254 [0/60000 (0%)]	Loss: 0.110886
INFO:root:Train Epoch: 254 [32000/60000 (53%)]	Loss: 0.004574
INFO:root:
Validation set: Average loss: 0.0337, Accuracy: 9917/10000 (99%)

INFO:root:Train Epoch: 255 [0/60000 (0%)]	Loss: 0.008085
INFO:root:Train Epoch: 255 [32000/60000 (53%)]	Loss: 0.007131
INFO:root:
Validation set: Average loss: 0.0364, Accuracy: 9917/10000 (99%)

INFO:root:Train Epoch: 256 [0/60000 (0%)]	Loss: 0.013622
INFO:root:Train Epoch: 256 [32000/60000 (53%)]	Loss: 0.075777
INFO:root:
Validation set: Average loss: 0.0353, Accuracy: 9915/10000 (99%)

INFO:root:Train Epoch: 257 [0/60000 (0%)]	Loss: 0.013172
INFO:root:Train Epoch: 257 [32000/60000 (53%)]	Loss: 0.011064
INFO:root:
Validation set: Average loss: 0.0314, Accuracy: 9925/10000 (99%)

INFO:root:Train Epoch: 258 [0/60000 (0%)]	Loss: 0.008191
INFO:root:Train Epoch: 258 [32000/60000 (53%)]	Loss: 0.032771
INFO:root:
Validation set: Average loss: 0.0430, Accuracy: 9896/10000 (99%)

INFO:root:Train Epoch: 259 [0/60000 (0%)]	Loss: 0.028470
INFO:root:Train Epoch: 259 [32000/60000 (53%)]	Loss: 0.008799
INFO:root:
Validation set: Average loss: 0.0405, Accuracy: 9907/10000 (99%)

INFO:root:Train Epoch: 260 [0/60000 (0%)]	Loss: 0.007405
INFO:root:Train Epoch: 260 [32000/60000 (53%)]	Loss: 0.075612
INFO:root:
Validation set: Average loss: 0.0344, Accuracy: 9921/10000 (99%)

INFO:root:Train Epoch: 261 [0/60000 (0%)]	Loss: 0.064039
INFO:root:Train Epoch: 261 [32000/60000 (53%)]	Loss: 0.017198
INFO:root:
Validation set: Average loss: 0.0443, Accuracy: 9908/10000 (99%)

INFO:root:Train Epoch: 262 [0/60000 (0%)]	Loss: 0.002770
INFO:root:Train Epoch: 262 [32000/60000 (53%)]	Loss: 0.002150
INFO:root:
Validation set: Average loss: 0.0357, Accuracy: 9924/10000 (99%)

INFO:root:Train Epoch: 263 [0/60000 (0%)]	Loss: 0.040407
INFO:root:Train Epoch: 263 [32000/60000 (53%)]	Loss: 0.007572
INFO:root:
Validation set: Average loss: 0.0346, Accuracy: 9918/10000 (99%)

INFO:root:Train Epoch: 264 [0/60000 (0%)]	Loss: 0.012378
INFO:root:Train Epoch: 264 [32000/60000 (53%)]	Loss: 0.001718
INFO:root:
Validation set: Average loss: 0.0362, Accuracy: 9916/10000 (99%)

INFO:root:Train Epoch: 265 [0/60000 (0%)]	Loss: 0.014233
INFO:root:Train Epoch: 265 [32000/60000 (53%)]	Loss: 0.027120
INFO:root:
Validation set: Average loss: 0.0381, Accuracy: 9915/10000 (99%)

INFO:root:Train Epoch: 266 [0/60000 (0%)]	Loss: 0.025922
INFO:root:Train Epoch: 266 [32000/60000 (53%)]	Loss: 0.003814
INFO:root:
Validation set: Average loss: 0.0498, Accuracy: 9882/10000 (99%)

INFO:root:Train Epoch: 267 [0/60000 (0%)]	Loss: 0.154256
INFO:root:Train Epoch: 267 [32000/60000 (53%)]	Loss: 0.018170
INFO:root:
Validation set: Average loss: 0.0422, Accuracy: 9901/10000 (99%)

INFO:root:Train Epoch: 268 [0/60000 (0%)]	Loss: 0.013618
INFO:root:Train Epoch: 268 [32000/60000 (53%)]	Loss: 0.005587
INFO:root:
Validation set: Average loss: 0.0328, Accuracy: 9929/10000 (99%)

INFO:root:Train Epoch: 269 [0/60000 (0%)]	Loss: 0.002331
INFO:root:Train Epoch: 269 [32000/60000 (53%)]	Loss: 0.004190
INFO:root:
Validation set: Average loss: 0.0357, Accuracy: 9917/10000 (99%)

INFO:root:Train Epoch: 270 [0/60000 (0%)]	Loss: 0.006228
INFO:root:Train Epoch: 270 [32000/60000 (53%)]	Loss: 0.001195
INFO:root:
Validation set: Average loss: 0.0395, Accuracy: 9908/10000 (99%)

INFO:root:Train Epoch: 271 [0/60000 (0%)]	Loss: 0.004681
INFO:root:Train Epoch: 271 [32000/60000 (53%)]	Loss: 0.011031
INFO:root:
Validation set: Average loss: 0.0358, Accuracy: 9921/10000 (99%)

INFO:root:Train Epoch: 272 [0/60000 (0%)]	Loss: 0.030527
INFO:root:Train Epoch: 272 [32000/60000 (53%)]	Loss: 0.001632
INFO:root:
Validation set: Average loss: 0.0351, Accuracy: 9916/10000 (99%)

INFO:root:Train Epoch: 273 [0/60000 (0%)]	Loss: 0.015363
INFO:root:Train Epoch: 273 [32000/60000 (53%)]	Loss: 0.023937
INFO:root:
Validation set: Average loss: 0.0340, Accuracy: 9925/10000 (99%)

INFO:root:Train Epoch: 274 [0/60000 (0%)]	Loss: 0.028597
INFO:root:Train Epoch: 274 [32000/60000 (53%)]	Loss: 0.004430
INFO:root:
Validation set: Average loss: 0.0331, Accuracy: 9910/10000 (99%)

INFO:root:Train Epoch: 275 [0/60000 (0%)]	Loss: 0.016793
INFO:root:Train Epoch: 275 [32000/60000 (53%)]	Loss: 0.040210
INFO:root:
Validation set: Average loss: 0.0361, Accuracy: 9911/10000 (99%)

INFO:root:Train Epoch: 276 [0/60000 (0%)]	Loss: 0.008770
INFO:root:Train Epoch: 276 [32000/60000 (53%)]	Loss: 0.019820
INFO:root:
Validation set: Average loss: 0.0352, Accuracy: 9927/10000 (99%)

INFO:root:Train Epoch: 277 [0/60000 (0%)]	Loss: 0.039881
INFO:root:Train Epoch: 277 [32000/60000 (53%)]	Loss: 0.067195
INFO:root:
Validation set: Average loss: 0.0384, Accuracy: 9907/10000 (99%)

INFO:root:Train Epoch: 278 [0/60000 (0%)]	Loss: 0.008579
INFO:root:Train Epoch: 278 [32000/60000 (53%)]	Loss: 0.035619
INFO:root:
Validation set: Average loss: 0.0420, Accuracy: 9909/10000 (99%)

INFO:root:Train Epoch: 279 [0/60000 (0%)]	Loss: 0.029628
INFO:root:Train Epoch: 279 [32000/60000 (53%)]	Loss: 0.157207
INFO:root:
Validation set: Average loss: 0.0254, Accuracy: 9924/10000 (99%)

INFO:root:Train Epoch: 280 [0/60000 (0%)]	Loss: 0.103759
INFO:root:Train Epoch: 280 [32000/60000 (53%)]	Loss: 0.015052
INFO:root:
Validation set: Average loss: 0.0348, Accuracy: 9908/10000 (99%)

INFO:root:Train Epoch: 281 [0/60000 (0%)]	Loss: 0.025512
INFO:root:Train Epoch: 281 [32000/60000 (53%)]	Loss: 0.015584
INFO:root:
Validation set: Average loss: 0.0316, Accuracy: 9919/10000 (99%)

INFO:root:Train Epoch: 282 [0/60000 (0%)]	Loss: 0.153850
INFO:root:Train Epoch: 282 [32000/60000 (53%)]	Loss: 0.011203
INFO:root:
Validation set: Average loss: 0.0365, Accuracy: 9907/10000 (99%)

INFO:root:Train Epoch: 283 [0/60000 (0%)]	Loss: 0.022081
INFO:root:Train Epoch: 283 [32000/60000 (53%)]	Loss: 0.030516
INFO:root:
Validation set: Average loss: 0.0338, Accuracy: 9923/10000 (99%)

INFO:root:Train Epoch: 284 [0/60000 (0%)]	Loss: 0.010027
INFO:root:Train Epoch: 284 [32000/60000 (53%)]	Loss: 0.002340
INFO:root:
Validation set: Average loss: 0.0321, Accuracy: 9921/10000 (99%)

INFO:root:Train Epoch: 285 [0/60000 (0%)]	Loss: 0.001418
INFO:root:Train Epoch: 285 [32000/60000 (53%)]	Loss: 0.004236
INFO:root:
Validation set: Average loss: 0.0347, Accuracy: 9917/10000 (99%)

INFO:root:Train Epoch: 286 [0/60000 (0%)]	Loss: 0.010327
INFO:root:Train Epoch: 286 [32000/60000 (53%)]	Loss: 0.024035
INFO:root:
Validation set: Average loss: 0.0379, Accuracy: 9915/10000 (99%)

INFO:root:Train Epoch: 287 [0/60000 (0%)]	Loss: 0.003233
INFO:root:Train Epoch: 287 [32000/60000 (53%)]	Loss: 0.174042
INFO:root:
Validation set: Average loss: 0.0448, Accuracy: 9896/10000 (99%)

INFO:root:Train Epoch: 288 [0/60000 (0%)]	Loss: 0.009354
INFO:root:Train Epoch: 288 [32000/60000 (53%)]	Loss: 0.014671
INFO:root:
Validation set: Average loss: 0.0395, Accuracy: 9904/10000 (99%)

INFO:root:Train Epoch: 289 [0/60000 (0%)]	Loss: 0.026188
INFO:root:Train Epoch: 289 [32000/60000 (53%)]	Loss: 0.028871
INFO:root:
Validation set: Average loss: 0.0372, Accuracy: 9921/10000 (99%)

INFO:root:Train Epoch: 290 [0/60000 (0%)]	Loss: 0.005453
INFO:root:Train Epoch: 290 [32000/60000 (53%)]	Loss: 0.001082
INFO:root:
Validation set: Average loss: 0.0319, Accuracy: 9914/10000 (99%)

INFO:root:Train Epoch: 291 [0/60000 (0%)]	Loss: 0.031063
INFO:root:Train Epoch: 291 [32000/60000 (53%)]	Loss: 0.013980
INFO:root:
Validation set: Average loss: 0.0356, Accuracy: 9914/10000 (99%)

INFO:root:Train Epoch: 292 [0/60000 (0%)]	Loss: 0.002880
INFO:root:Train Epoch: 292 [32000/60000 (53%)]	Loss: 0.009295
INFO:root:
Validation set: Average loss: 0.0379, Accuracy: 9919/10000 (99%)

INFO:root:Train Epoch: 293 [0/60000 (0%)]	Loss: 0.003679
INFO:root:Train Epoch: 293 [32000/60000 (53%)]	Loss: 0.002690
INFO:root:
Validation set: Average loss: 0.0351, Accuracy: 9920/10000 (99%)

INFO:root:Train Epoch: 294 [0/60000 (0%)]	Loss: 0.010488
INFO:root:Train Epoch: 294 [32000/60000 (53%)]	Loss: 0.214712
INFO:root:
Validation set: Average loss: 0.0374, Accuracy: 9912/10000 (99%)

INFO:root:Train Epoch: 295 [0/60000 (0%)]	Loss: 0.036999
INFO:root:Train Epoch: 295 [32000/60000 (53%)]	Loss: 0.008248
INFO:root:
Validation set: Average loss: 0.0356, Accuracy: 9916/10000 (99%)

INFO:root:Train Epoch: 296 [0/60000 (0%)]	Loss: 0.016476
INFO:root:Train Epoch: 296 [32000/60000 (53%)]	Loss: 0.027051
INFO:root:
Validation set: Average loss: 0.0357, Accuracy: 9917/10000 (99%)

INFO:root:Train Epoch: 297 [0/60000 (0%)]	Loss: 0.013472
INFO:root:Train Epoch: 297 [32000/60000 (53%)]	Loss: 0.004135
INFO:root:
Validation set: Average loss: 0.0375, Accuracy: 9914/10000 (99%)

INFO:root:Train Epoch: 298 [0/60000 (0%)]	Loss: 0.037785
INFO:root:Train Epoch: 298 [32000/60000 (53%)]	Loss: 0.017863
INFO:root:
Validation set: Average loss: 0.0329, Accuracy: 9924/10000 (99%)

INFO:root:Train Epoch: 299 [0/60000 (0%)]	Loss: 0.040741
INFO:root:Train Epoch: 299 [32000/60000 (53%)]	Loss: 0.019158
INFO:root:
Validation set: Average loss: 0.0410, Accuracy: 9907/10000 (99%)

